<?xml version="1.0" encoding="UTF-8"?>
<testsuite name="com.ultralesson.fruitbowl.FruitBowlTest" tests="1" skipped="0" failures="0" errors="0" timestamp="2023-03-03T08:22:21" hostname="PHANI" time="0.008">
  <properties/>
  <testcase name="testRemoveFruit" classname="com.ultralesson.fruitbowl.FruitBowlTest" time="0.008"/>
  <system-out><![CDATA[]]></system-out>
  <system-err><![CDATA[]]></system-err>
</testsuite>
